<?xml version="1.0" encoding="UTF-8"?>
<testng-results ignored="0" total="4" passed="4" failed="0" skipped="0">
  <reporter-output>
  </reporter-output>
  <suite started-at="2023-06-23T14:49:54 IST" name="PetSuite" finished-at="2023-06-23T14:50:00 IST" duration-ms="6749">
    <groups>
    </groups>
    <test started-at="2023-06-23T14:49:54 IST" name="PetTest" finished-at="2023-06-23T14:50:00 IST" duration-ms="6749">
      <class name="api.test.Testcases2">
        <test-method is-config="true" signature="setupdata()[pri:0, instance:api.test.Testcases2@1de5f259]" started-at="2023-06-23T14:49:54 IST" name="setupdata" finished-at="2023-06-23T14:49:54 IST" duration-ms="151" status="PASS">
          <reporter-output>
          </reporter-output>
        </test-method> <!-- setupdata -->
        <test-method signature="PostRequest()[pri:1, instance:api.test.Testcases2@1de5f259]" started-at="2023-06-23T14:49:54 IST" name="PostRequest" finished-at="2023-06-23T14:49:57 IST" duration-ms="2830" status="PASS">
          <reporter-output>
          </reporter-output>
        </test-method> <!-- PostRequest -->
        <test-method signature="GetRequest()[pri:2, instance:api.test.Testcases2@1de5f259]" started-at="2023-06-23T14:49:57 IST" name="GetRequest" finished-at="2023-06-23T14:49:58 IST" duration-ms="886" status="PASS">
          <reporter-output>
          </reporter-output>
        </test-method> <!-- GetRequest -->
        <test-method signature="UpdateRequest()[pri:3, instance:api.test.Testcases2@1de5f259]" started-at="2023-06-23T14:49:58 IST" name="UpdateRequest" finished-at="2023-06-23T14:50:00 IST" duration-ms="1788" status="PASS">
          <reporter-output>
          </reporter-output>
        </test-method> <!-- UpdateRequest -->
        <test-method signature="DeleteRequest()[pri:4, instance:api.test.Testcases2@1de5f259]" started-at="2023-06-23T14:50:00 IST" name="DeleteRequest" finished-at="2023-06-23T14:50:00 IST" duration-ms="903" status="PASS">
          <reporter-output>
          </reporter-output>
        </test-method> <!-- DeleteRequest -->
      </class> <!-- api.test.Testcases2 -->
    </test> <!-- PetTest -->
  </suite> <!-- PetSuite -->
</testng-results>
