<?xml version="1.0" encoding="UTF-8"?>
<testng-results ignored="0" total="4" passed="4" failed="0" skipped="0">
  <reporter-output>
  </reporter-output>
  <suite started-at="2023-06-23T14:38:54 IST" name="PetSuite" finished-at="2023-06-23T14:39:01 IST" duration-ms="6928">
    <groups>
    </groups>
    <test started-at="2023-06-23T14:38:54 IST" name="PetTest" finished-at="2023-06-23T14:39:01 IST" duration-ms="6928">
      <class name="api.test.Testcases2">
        <test-method is-config="true" signature="setupdata()[pri:0, instance:api.test.Testcases2@48f278eb]" started-at="2023-06-23T14:38:55 IST" name="setupdata" finished-at="2023-06-23T14:38:55 IST" duration-ms="135" status="PASS">
          <reporter-output>
          </reporter-output>
        </test-method> <!-- setupdata -->
        <test-method signature="PostRequest()[pri:1, instance:api.test.Testcases2@48f278eb]" started-at="2023-06-23T14:38:55 IST" name="PostRequest" finished-at="2023-06-23T14:38:58 IST" duration-ms="3005" status="PASS">
          <reporter-output>
          </reporter-output>
        </test-method> <!-- PostRequest -->
        <test-method signature="GetRequest()[pri:2, instance:api.test.Testcases2@48f278eb]" started-at="2023-06-23T14:38:58 IST" name="GetRequest" finished-at="2023-06-23T14:38:59 IST" duration-ms="917" status="PASS">
          <reporter-output>
          </reporter-output>
        </test-method> <!-- GetRequest -->
        <test-method signature="UpdateRequest()[pri:3, instance:api.test.Testcases2@48f278eb]" started-at="2023-06-23T14:38:59 IST" name="UpdateRequest" finished-at="2023-06-23T14:39:00 IST" duration-ms="1760" status="PASS">
          <reporter-output>
          </reporter-output>
        </test-method> <!-- UpdateRequest -->
        <test-method signature="DeleteRequest()[pri:4, instance:api.test.Testcases2@48f278eb]" started-at="2023-06-23T14:39:00 IST" name="DeleteRequest" finished-at="2023-06-23T14:39:01 IST" duration-ms="887" status="PASS">
          <reporter-output>
          </reporter-output>
        </test-method> <!-- DeleteRequest -->
      </class> <!-- api.test.Testcases2 -->
    </test> <!-- PetTest -->
  </suite> <!-- PetSuite -->
</testng-results>
