<?xml version="1.0" encoding="UTF-8"?>
<!-- Generated by org.testng.reporters.JUnitXMLReporter -->
<testsuite ignored="0" hostname="LIN65005027" failures="0" tests="4" name="PetTest" time="6.749" errors="0" timestamp="2023-06-23T14:50:01 IST">
  <testcase classname="api.test.Testcases2" name="PostRequest" time="2.83"/>
  <testcase classname="api.test.Testcases2" name="GetRequest" time="0.886"/>
  <testcase classname="api.test.Testcases2" name="UpdateRequest" time="1.788"/>
  <testcase classname="api.test.Testcases2" name="DeleteRequest" time="0.903"/>
</testsuite> <!-- PetTest -->
