<?xml version="1.0" encoding="UTF-8"?>
<!-- Generated by org.testng.reporters.JUnitXMLReporter -->
<testsuite ignored="0" hostname="LIN65005027" failures="0" tests="4" name="PetTest" time="6.928" errors="0" timestamp="2023-06-23T14:39:01 IST">
  <testcase classname="api.test.Testcases2" name="PostRequest" time="3.005"/>
  <testcase classname="api.test.Testcases2" name="GetRequest" time="0.917"/>
  <testcase classname="api.test.Testcases2" name="UpdateRequest" time="1.76"/>
  <testcase classname="api.test.Testcases2" name="DeleteRequest" time="0.887"/>
</testsuite> <!-- PetTest -->
